{"F:\\Work\\yap__pr__2\\stellar-burgers\\src\\services\\store.ts": {"path":"F:\\Work\\yap__pr__2\\stellar-burgers\\src\\services\\store.ts","statementMap":{"0":{"start":{"line":3,"column":0},"end":{"line":3,"column":null}},"1":{"start":{"line":10,"column":0},"end":{"line":10,"column":67}},"2":{"start":{"line":13,"column":0},"end":{"line":13,"column":45}},"3":{"start":{"line":14,"column":0},"end":{"line":14,"column":57}},"4":{"start":{"line":15,"column":0},"end":{"line":15,"column":59}},"5":{"start":{"line":16,"column":0},"end":{"line":16,"column":45}},"6":{"start":{"line":17,"column":0},"end":{"line":17,"column":47}},"7":{"start":{"line":20,"column":13},"end":{"line":26,"column":3}},"8":{"start":{"line":29,"column":14},"end":{"line":32,"column":2}},"9":{"start":{"line":41,"column":46},"end":{"line":41,"column":64}},"10":{"start":{"line":41,"column":52},"end":{"line":41,"column":67}},"11":{"start":{"line":41,"column":13},"end":{"line":41,"column":46}},"12":{"start":{"line":42,"column":13},"end":{"line":42,"column":73}},"13":{"start":{"line":45,"column":0},"end":{"line":45,"column":21}}},"fnMap":{"0":{"name":"(anonymous_1)","decl":{"start":{"line":41,"column":46},"end":{"line":41,"column":52}},"loc":{"start":{"line":41,"column":46},"end":{"line":41,"column":64}}}},"branchMap":{},"s":{"0":1,"1":1,"2":1,"3":1,"4":1,"5":1,"6":1,"7":1,"8":1,"9":1,"10":0,"11":1,"12":1,"13":1},"f":{"0":0},"b":{}}
,"F:\\Work\\yap__pr__2\\stellar-burgers\\src\\services\\slices\\constructorSlice.ts": {"path":"F:\\Work\\yap__pr__2\\stellar-burgers\\src\\services\\slices\\constructorSlice.ts","statementMap":{"0":{"start":{"line":3,"column":0},"end":{"line":3,"column":null}},"1":{"start":{"line":15,"column":0},"end":{"line":15,"column":38}},"2":{"start":{"line":30,"column":13},"end":{"line":39,"column":2}},"3":{"start":{"line":42,"column":13},"end":{"line":45,"column":2}},"4":{"start":{"line":48,"column":23},"end":{"line":55,"column":1}},"5":{"start":{"line":53,"column":28},"end":{"line":53,"column":61}},"6":{"start":{"line":54,"column":2},"end":{"line":54,"column":50}},"7":{"start":{"line":58,"column":25},"end":{"line":146,"column":2}},"8":{"start":{"line":65,"column":19},"end":{"line":65,"column":27}},"9":{"start":{"line":66,"column":8},"end":{"line":66,"column":44}},"10":{"start":{"line":69,"column":8},"end":{"line":73,"column":9}},"11":{"start":{"line":70,"column":10},"end":{"line":70,"column":54}},"12":{"start":{"line":72,"column":10},"end":{"line":72,"column":66}},"13":{"start":{"line":79,"column":6},"end":{"line":82,"column":10}},"14":{"start":{"line":81,"column":20},"end":{"line":81,"column":47}},"15":{"start":{"line":87,"column":20},"end":{"line":88,"column":null}},"16":{"start":{"line":88,"column":18},"end":{"line":88,"column":null}},"17":{"start":{"line":90,"column":6},"end":{"line":92,"column":7}},"18":{"start":{"line":91,"column":8},"end":{"line":91,"column":77}},"19":{"start":{"line":97,"column":20},"end":{"line":98,"column":null}},"20":{"start":{"line":98,"column":18},"end":{"line":98,"column":null}},"21":{"start":{"line":100,"column":6},"end":{"line":102,"column":7}},"22":{"start":{"line":101,"column":8},"end":{"line":101,"column":77}},"23":{"start":{"line":107,"column":6},"end":{"line":107,"column":46}},"24":{"start":{"line":108,"column":6},"end":{"line":108,"column":40}},"25":{"start":{"line":113,"column":6},"end":{"line":113,"column":42}},"26":{"start":{"line":118,"column":6},"end":{"line":118,"column":34}},"27":{"start":{"line":123,"column":4},"end":{"line":127,"column":7}},"28":{"start":{"line":124,"column":6},"end":{"line":124,"column":27}},"29":{"start":{"line":125,"column":6},"end":{"line":125,"column":25}},"30":{"start":{"line":126,"column":6},"end":{"line":126,"column":32}},"31":{"start":{"line":128,"column":4},"end":{"line":132,"column":7}},"32":{"start":{"line":129,"column":6},"end":{"line":129,"column":28}},"33":{"start":{"line":130,"column":6},"end":{"line":130,"column":33}},"34":{"start":{"line":131,"column":6},"end":{"line":131,"column":51}},"35":{"start":{"line":133,"column":4},"end":{"line":144,"column":7}},"36":{"start":{"line":134,"column":6},"end":{"line":134,"column":28}},"37":{"start":{"line":135,"column":6},"end":{"line":135,"column":33}},"38":{"start":{"line":136,"column":6},"end":{"line":136,"column":25}},"39":{"start":{"line":137,"column":6},"end":{"line":137,"column":50}},"40":{"start":{"line":139,"column":6},"end":{"line":142,"column":8}},"41":{"start":{"line":143,"column":6},"end":{"line":143,"column":34}},"42":{"start":{"line":149,"column":34},"end":{"line":150,"column":7}},"43":{"start":{"line":150,"column":2},"end":{"line":150,"column":25}},"44":{"start":{"line":153,"column":13},"end":{"line":159,"column":2}},"45":{"start":{"line":155,"column":13},"end":{"line":158,"column":null}},"46":{"start":{"line":162,"column":31},"end":{"line":163,"column":7}},"47":{"start":{"line":163,"column":2},"end":{"line":163,"column":38}},"48":{"start":{"line":162,"column":13},"end":{"line":162,"column":31}},"49":{"start":{"line":166,"column":33},"end":{"line":167,"column":7}},"50":{"start":{"line":167,"column":2},"end":{"line":167,"column":40}},"51":{"start":{"line":166,"column":13},"end":{"line":166,"column":33}},"52":{"start":{"line":171,"column":2},"end":{"line":177,"column":null}},"53":{"start":{"line":181,"column":0},"end":{"line":181,"column":40}}},"fnMap":{"0":{"name":"(anonymous_2)","decl":{"start":{"line":48,"column":23},"end":{"line":48,"column":null}},"loc":{"start":{"line":51,"column":17},"end":{"line":55,"column":1}}},"1":{"name":"(anonymous_3)","decl":{"start":{"line":64,"column":15},"end":{"line":64,"column":16}},"loc":{"start":{"line":64,"column":33},"end":{"line":67,"column":7}}},"2":{"name":"(anonymous_4)","decl":{"start":{"line":68,"column":15},"end":{"line":68,"column":16}},"loc":{"start":{"line":68,"column":68},"end":{"line":74,"column":7}}},"3":{"name":"(anonymous_5)","decl":{"start":{"line":78,"column":37},"end":{"line":78,"column":38}},"loc":{"start":{"line":78,"column":74},"end":{"line":83,"column":5}}},"4":{"name":"(anonymous_6)","decl":{"start":{"line":81,"column":10},"end":{"line":81,"column":11}},"loc":{"start":{"line":81,"column":15},"end":{"line":81,"column":24}}},"5":{"name":"(anonymous_7)","decl":{"start":{"line":86,"column":22},"end":{"line":86,"column":23}},"loc":{"start":{"line":86,"column":59},"end":{"line":93,"column":5}}},"6":{"name":"(anonymous_8)","decl":{"start":{"line":88,"column":8},"end":{"line":88,"column":9}},"loc":{"start":{"line":88,"column":13},"end":{"line":88,"column":22}}},"7":{"name":"(anonymous_9)","decl":{"start":{"line":96,"column":24},"end":{"line":96,"column":25}},"loc":{"start":{"line":96,"column":61},"end":{"line":103,"column":5}}},"8":{"name":"(anonymous_10)","decl":{"start":{"line":98,"column":8},"end":{"line":98,"column":9}},"loc":{"start":{"line":98,"column":13},"end":{"line":98,"column":22}}},"9":{"name":"(anonymous_11)","decl":{"start":{"line":106,"column":22},"end":{"line":106,"column":23}},"loc":{"start":{"line":106,"column":28},"end":{"line":109,"column":5}}},"10":{"name":"(anonymous_12)","decl":{"start":{"line":112,"column":16},"end":{"line":112,"column":17}},"loc":{"start":{"line":112,"column":30},"end":{"line":114,"column":5}}},"11":{"name":"(anonymous_13)","decl":{"start":{"line":117,"column":16},"end":{"line":117,"column":17}},"loc":{"start":{"line":117,"column":22},"end":{"line":119,"column":5}}},"12":{"name":"(anonymous_14)","decl":{"start":{"line":122,"column":17},"end":{"line":122,"column":18}},"loc":{"start":{"line":122,"column":25},"end":{"line":145,"column":3}}},"13":{"name":"(anonymous_15)","decl":{"start":{"line":123,"column":44},"end":{"line":123,"column":45}},"loc":{"start":{"line":123,"column":50},"end":{"line":127,"column":5}}},"14":{"name":"(anonymous_16)","decl":{"start":{"line":128,"column":45},"end":{"line":128,"column":46}},"loc":{"start":{"line":128,"column":59},"end":{"line":132,"column":5}}},"15":{"name":"(anonymous_17)","decl":{"start":{"line":133,"column":46},"end":{"line":133,"column":47}},"loc":{"start":{"line":133,"column":60},"end":{"line":144,"column":5}}},"16":{"name":"(anonymous_18)","decl":{"start":{"line":149,"column":34},"end":{"line":149,"column":35}},"loc":{"start":{"line":149,"column":51},"end":{"line":150,"column":7}}},"17":{"name":"(anonymous_19)","decl":{"start":{"line":155,"column":2},"end":{"line":155,"column":3}},"loc":{"start":{"line":155,"column":8},"end":{"line":155,"column":14}}},"18":{"name":"(anonymous_20)","decl":{"start":{"line":162,"column":31},"end":{"line":162,"column":32}},"loc":{"start":{"line":162,"column":48},"end":{"line":163,"column":7}}},"19":{"name":"(anonymous_21)","decl":{"start":{"line":166,"column":33},"end":{"line":166,"column":34}},"loc":{"start":{"line":166,"column":50},"end":{"line":167,"column":7}}}},"branchMap":{"0":{"loc":{"start":{"line":69,"column":8},"end":{"line":73,"column":9}},"type":"if","locations":[{"start":{"line":69,"column":8},"end":{"line":73,"column":9}},{"start":{"line":71,"column":15},"end":{"line":73,"column":9}}]},"1":{"loc":{"start":{"line":90,"column":6},"end":{"line":92,"column":7}},"type":"if","locations":[{"start":{"line":90,"column":6},"end":{"line":92,"column":7}}]},"2":{"loc":{"start":{"line":100,"column":6},"end":{"line":102,"column":7}},"type":"if","locations":[{"start":{"line":100,"column":6},"end":{"line":102,"column":7}}]}},"s":{"0":2,"1":2,"2":2,"3":2,"4":2,"5":2,"6":2,"7":2,"8":2,"9":2,"10":2,"11":1,"12":1,"13":1,"14":2,"15":1,"16":2,"17":1,"18":1,"19":1,"20":1,"21":1,"22":1,"23":1,"24":1,"25":0,"26":0,"27":2,"28":0,"29":0,"30":0,"31":2,"32":0,"33":0,"34":0,"35":2,"36":0,"37":0,"38":0,"39":0,"40":0,"41":0,"42":2,"43":0,"44":2,"45":0,"46":2,"47":0,"48":2,"49":2,"50":0,"51":2,"52":2,"53":2},"f":{"0":2,"1":2,"2":2,"3":1,"4":2,"5":1,"6":2,"7":1,"8":1,"9":1,"10":0,"11":0,"12":2,"13":0,"14":0,"15":0,"16":0,"17":0,"18":0,"19":0},"b":{"0":[1,1],"1":[1],"2":[1]}}
,"F:\\Work\\yap__pr__2\\stellar-burgers\\src\\services\\slices\\feedSlice.ts": {"path":"F:\\Work\\yap__pr__2\\stellar-burgers\\src\\services\\slices\\feedSlice.ts","statementMap":{"0":{"start":{"line":3,"column":0},"end":{"line":3,"column":35}},"1":{"start":{"line":5,"column":0},"end":{"line":5,"column":65}},"2":{"start":{"line":21,"column":13},"end":{"line":27,"column":2}},"3":{"start":{"line":30,"column":13},"end":{"line":30,"column":67}},"4":{"start":{"line":33,"column":18},"end":{"line":58,"column":2}},"5":{"start":{"line":38,"column":4},"end":{"line":56,"column":9}},"6":{"start":{"line":41,"column":8},"end":{"line":41,"column":29}},"7":{"start":{"line":42,"column":8},"end":{"line":42,"column":27}},"8":{"start":{"line":46,"column":8},"end":{"line":46,"column":30}},"9":{"start":{"line":47,"column":8},"end":{"line":47,"column":53}},"10":{"start":{"line":51,"column":8},"end":{"line":51,"column":30}},"11":{"start":{"line":52,"column":8},"end":{"line":52,"column":27}},"12":{"start":{"line":53,"column":8},"end":{"line":53,"column":45}},"13":{"start":{"line":54,"column":8},"end":{"line":54,"column":43}},"14":{"start":{"line":55,"column":8},"end":{"line":55,"column":53}},"15":{"start":{"line":61,"column":28},"end":{"line":61,"column":66}},"16":{"start":{"line":61,"column":61},"end":{"line":61,"column":72}},"17":{"start":{"line":61,"column":13},"end":{"line":61,"column":28}},"18":{"start":{"line":64,"column":0},"end":{"line":64,"column":33}}},"fnMap":{"0":{"name":"(anonymous_0)","decl":{"start":{"line":37,"column":17},"end":{"line":37,"column":18}},"loc":{"start":{"line":37,"column":25},"end":{"line":57,"column":3}}},"1":{"name":"(anonymous_1)","decl":{"start":{"line":40,"column":33},"end":{"line":40,"column":34}},"loc":{"start":{"line":40,"column":39},"end":{"line":43,"column":7}}},"2":{"name":"(anonymous_2)","decl":{"start":{"line":45,"column":34},"end":{"line":45,"column":35}},"loc":{"start":{"line":45,"column":48},"end":{"line":48,"column":7}}},"3":{"name":"(anonymous_3)","decl":{"start":{"line":50,"column":35},"end":{"line":50,"column":36}},"loc":{"start":{"line":50,"column":49},"end":{"line":56,"column":7}}},"4":{"name":"(anonymous_4)","decl":{"start":{"line":61,"column":28},"end":{"line":61,"column":29}},"loc":{"start":{"line":61,"column":45},"end":{"line":61,"column":66}}}},"branchMap":{},"s":{"0":2,"1":2,"2":2,"3":2,"4":2,"5":2,"6":1,"7":1,"8":1,"9":1,"10":1,"11":1,"12":1,"13":1,"14":1,"15":2,"16":0,"17":2,"18":2},"f":{"0":2,"1":1,"2":1,"3":1,"4":0},"b":{}}
,"F:\\Work\\yap__pr__2\\stellar-burgers\\src\\services\\slices\\ingredientSlice.ts": {"path":"F:\\Work\\yap__pr__2\\stellar-burgers\\src\\services\\slices\\ingredientSlice.ts","statementMap":{"0":{"start":{"line":5,"column":0},"end":{"line":5,"column":65}},"1":{"start":{"line":7,"column":0},"end":{"line":7,"column":41}},"2":{"start":{"line":19,"column":13},"end":{"line":23,"column":2}},"3":{"start":{"line":26,"column":13},"end":{"line":29,"column":2}},"4":{"start":{"line":32,"column":24},"end":{"line":53,"column":2}},"5":{"start":{"line":38,"column":4},"end":{"line":41,"column":7}},"6":{"start":{"line":39,"column":6},"end":{"line":39,"column":27}},"7":{"start":{"line":40,"column":6},"end":{"line":40,"column":25}},"8":{"start":{"line":43,"column":4},"end":{"line":46,"column":7}},"9":{"start":{"line":44,"column":6},"end":{"line":44,"column":28}},"10":{"start":{"line":45,"column":6},"end":{"line":45,"column":51}},"11":{"start":{"line":48,"column":4},"end":{"line":51,"column":7}},"12":{"start":{"line":49,"column":6},"end":{"line":49,"column":28}},"13":{"start":{"line":50,"column":6},"end":{"line":50,"column":41}},"14":{"start":{"line":56,"column":34},"end":{"line":57,"column":7}},"15":{"start":{"line":57,"column":2},"end":{"line":57,"column":19}},"16":{"start":{"line":56,"column":13},"end":{"line":56,"column":34}},"17":{"start":{"line":60,"column":0},"end":{"line":60,"column":39}}},"fnMap":{"0":{"name":"(anonymous_0)","decl":{"start":{"line":36,"column":17},"end":{"line":36,"column":18}},"loc":{"start":{"line":36,"column":25},"end":{"line":52,"column":3}}},"1":{"name":"(anonymous_1)","decl":{"start":{"line":38,"column":44},"end":{"line":38,"column":45}},"loc":{"start":{"line":38,"column":50},"end":{"line":41,"column":5}}},"2":{"name":"(anonymous_2)","decl":{"start":{"line":43,"column":45},"end":{"line":43,"column":46}},"loc":{"start":{"line":43,"column":59},"end":{"line":46,"column":5}}},"3":{"name":"(anonymous_3)","decl":{"start":{"line":48,"column":46},"end":{"line":48,"column":47}},"loc":{"start":{"line":48,"column":60},"end":{"line":51,"column":5}}},"4":{"name":"(anonymous_4)","decl":{"start":{"line":56,"column":34},"end":{"line":56,"column":35}},"loc":{"start":{"line":56,"column":51},"end":{"line":57,"column":7}}}},"branchMap":{},"s":{"0":2,"1":2,"2":2,"3":2,"4":2,"5":2,"6":1,"7":1,"8":2,"9":1,"10":1,"11":2,"12":1,"13":1,"14":2,"15":0,"16":2,"17":2},"f":{"0":2,"1":1,"2":1,"3":1,"4":0},"b":{}}
,"F:\\Work\\yap__pr__2\\stellar-burgers\\src\\services\\slices\\orderSlice.ts": {"path":"F:\\Work\\yap__pr__2\\stellar-burgers\\src\\services\\slices\\orderSlice.ts","statementMap":{"0":{"start":{"line":3,"column":0},"end":{"line":3,"column":43}},"1":{"start":{"line":6,"column":0},"end":{"line":6,"column":65}},"2":{"start":{"line":24,"column":13},"end":{"line":30,"column":2}},"3":{"start":{"line":33,"column":13},"end":{"line":36,"column":2}},"4":{"start":{"line":35,"column":23},"end":{"line":35,"column":56}},"5":{"start":{"line":35,"column":28},"end":{"line":35,"column":56}},"6":{"start":{"line":39,"column":19},"end":{"line":61,"column":2}},"7":{"start":{"line":45,"column":4},"end":{"line":48,"column":7}},"8":{"start":{"line":46,"column":6},"end":{"line":46,"column":25}},"9":{"start":{"line":47,"column":6},"end":{"line":47,"column":27}},"10":{"start":{"line":50,"column":4},"end":{"line":53,"column":7}},"11":{"start":{"line":51,"column":6},"end":{"line":51,"column":51}},"12":{"start":{"line":52,"column":6},"end":{"line":52,"column":28}},"13":{"start":{"line":55,"column":4},"end":{"line":59,"column":7}},"14":{"start":{"line":56,"column":6},"end":{"line":56,"column":25}},"15":{"start":{"line":57,"column":6},"end":{"line":57,"column":28}},"16":{"start":{"line":58,"column":6},"end":{"line":58,"column":64}},"17":{"start":{"line":64,"column":29},"end":{"line":64,"column":68}},"18":{"start":{"line":64,"column":63},"end":{"line":64,"column":75}},"19":{"start":{"line":64,"column":13},"end":{"line":64,"column":29}},"20":{"start":{"line":67,"column":0},"end":{"line":67,"column":34}}},"fnMap":{"0":{"name":"(anonymous_13)","decl":{"start":{"line":35,"column":2},"end":{"line":35,"column":9}},"loc":{"start":{"line":35,"column":23},"end":{"line":35,"column":56}}},"1":{"name":"(anonymous_14)","decl":{"start":{"line":35,"column":23},"end":{"line":35,"column":28}},"loc":{"start":{"line":35,"column":23},"end":{"line":35,"column":56}}},"2":{"name":"(anonymous_16)","decl":{"start":{"line":43,"column":17},"end":{"line":43,"column":18}},"loc":{"start":{"line":43,"column":25},"end":{"line":60,"column":3}}},"3":{"name":"(anonymous_17)","decl":{"start":{"line":45,"column":46},"end":{"line":45,"column":47}},"loc":{"start":{"line":45,"column":52},"end":{"line":48,"column":5}}},"4":{"name":"(anonymous_18)","decl":{"start":{"line":50,"column":47},"end":{"line":50,"column":48}},"loc":{"start":{"line":50,"column":61},"end":{"line":53,"column":5}}},"5":{"name":"(anonymous_19)","decl":{"start":{"line":55,"column":48},"end":{"line":55,"column":49}},"loc":{"start":{"line":55,"column":62},"end":{"line":59,"column":5}}},"6":{"name":"(anonymous_20)","decl":{"start":{"line":64,"column":29},"end":{"line":64,"column":30}},"loc":{"start":{"line":64,"column":46},"end":{"line":64,"column":68}}}},"branchMap":{},"s":{"0":1,"1":1,"2":1,"3":1,"4":0,"5":0,"6":1,"7":1,"8":0,"9":0,"10":1,"11":0,"12":0,"13":1,"14":0,"15":0,"16":0,"17":1,"18":0,"19":1,"20":1},"f":{"0":0,"1":0,"2":1,"3":0,"4":0,"5":0,"6":0},"b":{}}
,"F:\\Work\\yap__pr__2\\stellar-burgers\\src\\services\\slices\\userSlice.ts": {"path":"F:\\Work\\yap__pr__2\\stellar-burgers\\src\\services\\slices\\userSlice.ts","statementMap":{"0":{"start":{"line":3,"column":0},"end":{"line":3,"column":65}},"1":{"start":{"line":6,"column":0},"end":{"line":6,"column":null}},"2":{"start":{"line":21,"column":0},"end":{"line":21,"column":61}},"3":{"start":{"line":40,"column":13},"end":{"line":50,"column":2}},"4":{"start":{"line":53,"column":13},"end":{"line":64,"column":2}},"5":{"start":{"line":55,"column":36},"end":{"line":63,"column":null}},"6":{"start":{"line":56,"column":17},"end":{"line":56,"column":null}},"7":{"start":{"line":56,"column":10},"end":{"line":56,"column":null}},"8":{"start":{"line":57,"column":4},"end":{"line":59,"column":5}},"9":{"start":{"line":58,"column":6},"end":{"line":58,"column":18}},"10":{"start":{"line":60,"column":4},"end":{"line":60,"column":47}},"11":{"start":{"line":61,"column":4},"end":{"line":61,"column":60}},"12":{"start":{"line":62,"column":4},"end":{"line":62,"column":16}},"13":{"start":{"line":67,"column":13},"end":{"line":78,"column":2}},"14":{"start":{"line":69,"column":16},"end":{"line":69,"column":18}},"15":{"start":{"line":69,"column":26},"end":{"line":69,"column":40}},"16":{"start":{"line":70,"column":17},"end":{"line":70,"column":null}},"17":{"start":{"line":70,"column":10},"end":{"line":70,"column":null}},"18":{"start":{"line":71,"column":4},"end":{"line":73,"column":5}},"19":{"start":{"line":72,"column":6},"end":{"line":72,"column":18}},"20":{"start":{"line":74,"column":4},"end":{"line":74,"column":47}},"21":{"start":{"line":75,"column":4},"end":{"line":75,"column":60}},"22":{"start":{"line":76,"column":4},"end":{"line":76,"column":16}},"23":{"start":{"line":81,"column":13},"end":{"line":81,"column":69}},"24":{"start":{"line":82,"column":13},"end":{"line":82,"column":78}},"25":{"start":{"line":83,"column":13},"end":{"line":83,"column":75}},"26":{"start":{"line":84,"column":13},"end":{"line":88,"column":3}},"27":{"start":{"line":84,"column":65},"end":{"line":88,"column":2}},"28":{"start":{"line":85,"column":2},"end":{"line":85,"column":20}},"29":{"start":{"line":86,"column":2},"end":{"line":86,"column":42}},"30":{"start":{"line":87,"column":2},"end":{"line":87,"column":30}},"31":{"start":{"line":91,"column":13},"end":{"line":204,"column":3}},"32":{"start":{"line":97,"column":6},"end":{"line":97,"column":24}},"33":{"start":{"line":101,"column":6},"end":{"line":101,"column":25}},"34":{"start":{"line":105,"column":6},"end":{"line":105,"column":33}},"35":{"start":{"line":110,"column":4},"end":{"line":114,"column":7}},"36":{"start":{"line":111,"column":6},"end":{"line":111,"column":27}},"37":{"start":{"line":112,"column":6},"end":{"line":112,"column":25}},"38":{"start":{"line":113,"column":6},"end":{"line":113,"column":36}},"39":{"start":{"line":115,"column":4},"end":{"line":118,"column":7}},"40":{"start":{"line":116,"column":6},"end":{"line":116,"column":28}},"41":{"start":{"line":117,"column":6},"end":{"line":117,"column":51}},"42":{"start":{"line":119,"column":4},"end":{"line":125,"column":7}},"43":{"start":{"line":120,"column":6},"end":{"line":120,"column":28}},"44":{"start":{"line":121,"column":6},"end":{"line":121,"column":25}},"45":{"start":{"line":122,"column":6},"end":{"line":122,"column":43}},"46":{"start":{"line":123,"column":6},"end":{"line":123,"column":39}},"47":{"start":{"line":124,"column":6},"end":{"line":124,"column":35}},"48":{"start":{"line":128,"column":4},"end":{"line":132,"column":7}},"49":{"start":{"line":129,"column":6},"end":{"line":129,"column":36}},"50":{"start":{"line":130,"column":6},"end":{"line":130,"column":25}},"51":{"start":{"line":131,"column":6},"end":{"line":131,"column":36}},"52":{"start":{"line":133,"column":4},"end":{"line":136,"column":7}},"53":{"start":{"line":134,"column":6},"end":{"line":134,"column":37}},"54":{"start":{"line":135,"column":6},"end":{"line":135,"column":51}},"55":{"start":{"line":137,"column":4},"end":{"line":142,"column":7}},"56":{"start":{"line":138,"column":6},"end":{"line":138,"column":37}},"57":{"start":{"line":139,"column":6},"end":{"line":139,"column":25}},"58":{"start":{"line":140,"column":6},"end":{"line":140,"column":39}},"59":{"start":{"line":141,"column":6},"end":{"line":141,"column":35}},"60":{"start":{"line":146,"column":4},"end":{"line":149,"column":7}},"61":{"start":{"line":147,"column":6},"end":{"line":147,"column":33}},"62":{"start":{"line":148,"column":6},"end":{"line":148,"column":36}},"63":{"start":{"line":150,"column":4},"end":{"line":153,"column":7}},"64":{"start":{"line":151,"column":6},"end":{"line":151,"column":39}},"65":{"start":{"line":152,"column":6},"end":{"line":152,"column":35}},"66":{"start":{"line":156,"column":4},"end":{"line":159,"column":7}},"67":{"start":{"line":157,"column":6},"end":{"line":157,"column":27}},"68":{"start":{"line":158,"column":6},"end":{"line":158,"column":25}},"69":{"start":{"line":160,"column":4},"end":{"line":163,"column":7}},"70":{"start":{"line":161,"column":6},"end":{"line":161,"column":28}},"71":{"start":{"line":162,"column":6},"end":{"line":162,"column":51}},"72":{"start":{"line":164,"column":4},"end":{"line":168,"column":7}},"73":{"start":{"line":165,"column":6},"end":{"line":165,"column":28}},"74":{"start":{"line":166,"column":6},"end":{"line":166,"column":25}},"75":{"start":{"line":167,"column":6},"end":{"line":167,"column":43}},"76":{"start":{"line":171,"column":4},"end":{"line":175,"column":7}},"77":{"start":{"line":172,"column":6},"end":{"line":172,"column":27}},"78":{"start":{"line":173,"column":6},"end":{"line":173,"column":25}},"79":{"start":{"line":174,"column":6},"end":{"line":174,"column":36}},"80":{"start":{"line":176,"column":4},"end":{"line":181,"column":7}},"81":{"start":{"line":177,"column":6},"end":{"line":177,"column":28}},"82":{"start":{"line":178,"column":6},"end":{"line":178,"column":51}},"83":{"start":{"line":180,"column":6},"end":{"line":180,"column":35}},"84":{"start":{"line":182,"column":4},"end":{"line":187,"column":7}},"85":{"start":{"line":183,"column":6},"end":{"line":183,"column":28}},"86":{"start":{"line":184,"column":6},"end":{"line":184,"column":25}},"87":{"start":{"line":185,"column":6},"end":{"line":185,"column":24}},"88":{"start":{"line":186,"column":6},"end":{"line":186,"column":36}},"89":{"start":{"line":190,"column":4},"end":{"line":193,"column":7}},"90":{"start":{"line":191,"column":6},"end":{"line":191,"column":27}},"91":{"start":{"line":192,"column":6},"end":{"line":192,"column":25}},"92":{"start":{"line":194,"column":4},"end":{"line":197,"column":7}},"93":{"start":{"line":195,"column":6},"end":{"line":195,"column":28}},"94":{"start":{"line":196,"column":6},"end":{"line":196,"column":51}},"95":{"start":{"line":198,"column":4},"end":{"line":202,"column":7}},"96":{"start":{"line":199,"column":6},"end":{"line":199,"column":28}},"97":{"start":{"line":200,"column":6},"end":{"line":200,"column":25}},"98":{"start":{"line":201,"column":6},"end":{"line":201,"column":40}},"99":{"start":{"line":207,"column":15},"end":{"line":207,"column":53}},"100":{"start":{"line":208,"column":28},"end":{"line":208,"column":66}},"101":{"start":{"line":208,"column":61},"end":{"line":208,"column":72}},"102":{"start":{"line":208,"column":13},"end":{"line":208,"column":28}},"103":{"start":{"line":209,"column":0},"end":{"line":209,"column":33}}},"fnMap":{"0":{"name":"(anonymous_13)","decl":{"start":{"line":55,"column":2},"end":{"line":55,"column":9}},"loc":{"start":{"line":55,"column":36},"end":{"line":63,"column":null}}},"1":{"name":"(anonymous_14)","decl":{"start":{"line":55,"column":36},"end":{"line":55,"column":null}},"loc":{"start":{"line":55,"column":36},"end":{"line":63,"column":null}}},"2":{"name":"(anonymous_16)","decl":{"start":{"line":69,"column":2},"end":{"line":69,"column":9}},"loc":{"start":{"line":69,"column":40},"end":{"line":77,"column":null}}},"3":{"name":"(anonymous_19)","decl":{"start":{"line":84,"column":65},"end":{"line":84,"column":null}},"loc":{"start":{"line":84,"column":65},"end":{"line":88,"column":2}}},"4":{"name":"(anonymous_22)","decl":{"start":{"line":96,"column":16},"end":{"line":96,"column":17}},"loc":{"start":{"line":96,"column":22},"end":{"line":98,"column":5}}},"5":{"name":"(anonymous_23)","decl":{"start":{"line":100,"column":16},"end":{"line":100,"column":17}},"loc":{"start":{"line":100,"column":22},"end":{"line":102,"column":5}}},"6":{"name":"(anonymous_24)","decl":{"start":{"line":104,"column":15},"end":{"line":104,"column":16}},"loc":{"start":{"line":104,"column":21},"end":{"line":106,"column":5}}},"7":{"name":"(anonymous_25)","decl":{"start":{"line":108,"column":17},"end":{"line":108,"column":18}},"loc":{"start":{"line":108,"column":25},"end":{"line":203,"column":3}}},"8":{"name":"(anonymous_26)","decl":{"start":{"line":110,"column":45},"end":{"line":110,"column":46}},"loc":{"start":{"line":110,"column":51},"end":{"line":114,"column":5}}},"9":{"name":"(anonymous_27)","decl":{"start":{"line":115,"column":46},"end":{"line":115,"column":47}},"loc":{"start":{"line":115,"column":60},"end":{"line":118,"column":5}}},"10":{"name":"(anonymous_28)","decl":{"start":{"line":119,"column":47},"end":{"line":119,"column":48}},"loc":{"start":{"line":119,"column":61},"end":{"line":125,"column":5}}},"11":{"name":"(anonymous_29)","decl":{"start":{"line":128,"column":42},"end":{"line":128,"column":43}},"loc":{"start":{"line":128,"column":48},"end":{"line":132,"column":5}}},"12":{"name":"(anonymous_30)","decl":{"start":{"line":133,"column":43},"end":{"line":133,"column":44}},"loc":{"start":{"line":133,"column":57},"end":{"line":136,"column":5}}},"13":{"name":"(anonymous_31)","decl":{"start":{"line":137,"column":44},"end":{"line":137,"column":45}},"loc":{"start":{"line":137,"column":58},"end":{"line":142,"column":5}}},"14":{"name":"(anonymous_32)","decl":{"start":{"line":146,"column":38},"end":{"line":146,"column":39}},"loc":{"start":{"line":146,"column":44},"end":{"line":149,"column":5}}},"15":{"name":"(anonymous_33)","decl":{"start":{"line":150,"column":39},"end":{"line":150,"column":40}},"loc":{"start":{"line":150,"column":53},"end":{"line":153,"column":5}}},"16":{"name":"(anonymous_34)","decl":{"start":{"line":156,"column":40},"end":{"line":156,"column":41}},"loc":{"start":{"line":156,"column":46},"end":{"line":159,"column":5}}},"17":{"name":"(anonymous_35)","decl":{"start":{"line":160,"column":41},"end":{"line":160,"column":42}},"loc":{"start":{"line":160,"column":55},"end":{"line":163,"column":5}}},"18":{"name":"(anonymous_36)","decl":{"start":{"line":164,"column":42},"end":{"line":164,"column":43}},"loc":{"start":{"line":164,"column":56},"end":{"line":168,"column":5}}},"19":{"name":"(anonymous_37)","decl":{"start":{"line":171,"column":43},"end":{"line":171,"column":44}},"loc":{"start":{"line":171,"column":49},"end":{"line":175,"column":5}}},"20":{"name":"(anonymous_38)","decl":{"start":{"line":176,"column":44},"end":{"line":176,"column":45}},"loc":{"start":{"line":176,"column":58},"end":{"line":181,"column":5}}},"21":{"name":"(anonymous_39)","decl":{"start":{"line":182,"column":45},"end":{"line":182,"column":46}},"loc":{"start":{"line":182,"column":51},"end":{"line":187,"column":5}}},"22":{"name":"(anonymous_40)","decl":{"start":{"line":190,"column":39},"end":{"line":190,"column":40}},"loc":{"start":{"line":190,"column":45},"end":{"line":193,"column":5}}},"23":{"name":"(anonymous_41)","decl":{"start":{"line":194,"column":40},"end":{"line":194,"column":41}},"loc":{"start":{"line":194,"column":54},"end":{"line":197,"column":5}}},"24":{"name":"(anonymous_42)","decl":{"start":{"line":198,"column":41},"end":{"line":198,"column":42}},"loc":{"start":{"line":198,"column":55},"end":{"line":202,"column":5}}},"25":{"name":"(anonymous_43)","decl":{"start":{"line":208,"column":28},"end":{"line":208,"column":29}},"loc":{"start":{"line":208,"column":45},"end":{"line":208,"column":66}}}},"branchMap":{"0":{"loc":{"start":{"line":56,"column":17},"end":{"line":56,"column":null}},"type":"switch","locations":[{"start":{"line":56,"column":17},"end":{"line":56,"column":null}}]},"1":{"loc":{"start":{"line":57,"column":4},"end":{"line":59,"column":5}},"type":"if","locations":[{"start":{"line":57,"column":4},"end":{"line":59,"column":5}}]},"2":{"loc":{"start":{"line":70,"column":17},"end":{"line":70,"column":null}},"type":"switch","locations":[{"start":{"line":70,"column":17},"end":{"line":70,"column":null}}]},"3":{"loc":{"start":{"line":71,"column":4},"end":{"line":73,"column":5}},"type":"if","locations":[{"start":{"line":71,"column":4},"end":{"line":73,"column":5}}]},"4":{"loc":{"start":{"line":85,"column":2},"end":{"line":85,"column":20}},"type":"switch","locations":[{"start":{"line":85,"column":2},"end":{"line":85,"column":20}}]}},"s":{"0":2,"1":2,"2":2,"3":2,"4":2,"5":0,"6":0,"7":0,"8":0,"9":0,"10":0,"11":0,"12":0,"13":2,"14":0,"15":0,"16":0,"17":0,"18":0,"19":0,"20":0,"21":0,"22":0,"23":2,"24":2,"25":2,"26":2,"27":0,"28":0,"29":0,"30":0,"31":2,"32":0,"33":0,"34":0,"35":2,"36":1,"37":1,"38":1,"39":2,"40":1,"41":1,"42":2,"43":1,"44":1,"45":1,"46":1,"47":1,"48":2,"49":1,"50":1,"51":1,"52":2,"53":1,"54":1,"55":2,"56":1,"57":1,"58":1,"59":1,"60":2,"61":1,"62":1,"63":2,"64":1,"65":1,"66":2,"67":1,"68":1,"69":2,"70":1,"71":1,"72":2,"73":1,"74":1,"75":1,"76":2,"77":0,"78":0,"79":0,"80":2,"81":1,"82":1,"83":1,"84":2,"85":1,"86":1,"87":1,"88":1,"89":2,"90":1,"91":1,"92":2,"93":1,"94":1,"95":2,"96":1,"97":1,"98":1,"99":2,"100":2,"101":0,"102":2,"103":2},"f":{"0":0,"1":0,"2":0,"3":0,"4":0,"5":0,"6":0,"7":2,"8":1,"9":1,"10":1,"11":1,"12":1,"13":1,"14":1,"15":1,"16":1,"17":1,"18":1,"19":0,"20":1,"21":1,"22":1,"23":1,"24":1,"25":0},"b":{"0":[0],"1":[0],"2":[0],"3":[0],"4":[0]}}
,"F:\\Work\\yap__pr__2\\stellar-burgers\\src\\utils\\cookie.ts": {"path":"F:\\Work\\yap__pr__2\\stellar-burgers\\src\\utils\\cookie.ts","statementMap":{"0":{"start":{"line":2,"column":18},"end":{"line":8,"column":null}},"1":{"start":{"line":10,"column":2},"end":{"line":10,"column":62}},"2":{"start":{"line":1,"column":0},"end":{"line":1,"column":16}},"3":{"start":{"line":16,"column":2},"end":{"line":16,"column":null}},"4":{"start":{"line":18,"column":2},"end":{"line":21,"column":4}},"5":{"start":{"line":23,"column":12},"end":{"line":23,"column":25}},"6":{"start":{"line":24,"column":2},"end":{"line":28,"column":3}},"7":{"start":{"line":25,"column":14},"end":{"line":25,"column":24}},"8":{"start":{"line":26,"column":4},"end":{"line":26,"column":40}},"9":{"start":{"line":27,"column":4},"end":{"line":27,"column":28}},"10":{"start":{"line":30,"column":2},"end":{"line":32,"column":3}},"11":{"start":{"line":31,"column":4},"end":{"line":31,"column":38}},"12":{"start":{"line":33,"column":2},"end":{"line":33,"column":36}},"13":{"start":{"line":34,"column":22},"end":{"line":34,"column":40}},"14":{"start":{"line":35,"column":2},"end":{"line":41,"column":3}},"15":{"start":{"line":36,"column":4},"end":{"line":36,"column":37}},"16":{"start":{"line":37,"column":22},"end":{"line":37,"column":37}},"17":{"start":{"line":38,"column":4},"end":{"line":40,"column":5}},"18":{"start":{"line":39,"column":6},"end":{"line":39,"column":39}},"19":{"start":{"line":42,"column":2},"end":{"line":42,"column":34}},"20":{"start":{"line":13,"column":0},"end":{"line":13,"column":16}},"21":{"start":{"line":46,"column":2},"end":{"line":46,"column":39}},"22":{"start":{"line":45,"column":0},"end":{"line":45,"column":16}}},"fnMap":{"0":{"name":"getCookie","decl":{"start":{"line":1,"column":16},"end":{"line":1,"column":25}},"loc":{"start":{"line":1,"column":38},"end":{"line":11,"column":1}}},"1":{"name":"setCookie","decl":{"start":{"line":13,"column":16},"end":{"line":13,"column":25}},"loc":{"start":{"line":16,"column":65},"end":{"line":43,"column":1}}},"2":{"name":"deleteCookie","decl":{"start":{"line":45,"column":16},"end":{"line":45,"column":28}},"loc":{"start":{"line":45,"column":41},"end":{"line":47,"column":1}}}},"branchMap":{"0":{"loc":{"start":{"line":10,"column":9},"end":{"line":10,"column":61}},"type":"cond-expr","locations":[{"start":{"line":10,"column":19},"end":{"line":10,"column":49}},{"start":{"line":10,"column":52},"end":{"line":10,"column":61}}]},"1":{"loc":{"start":{"line":16,"column":2},"end":{"line":16,"column":null}},"type":"if","locations":[{"start":{"line":16,"column":2},"end":{"line":16,"column":null}}]},"2":{"loc":{"start":{"line":24,"column":2},"end":{"line":28,"column":3}},"type":"if","locations":[{"start":{"line":24,"column":2},"end":{"line":28,"column":3}}]},"3":{"loc":{"start":{"line":24,"column":6},"end":{"line":24,"column":36}},"type":"binary-expr","locations":[{"start":{"line":24,"column":6},"end":{"line":24,"column":9}},{"start":{"line":24,"column":13},"end":{"line":24,"column":36}}]},"4":{"loc":{"start":{"line":30,"column":2},"end":{"line":32,"column":3}},"type":"if","locations":[{"start":{"line":30,"column":2},"end":{"line":32,"column":3}}]},"5":{"loc":{"start":{"line":30,"column":6},"end":{"line":30,"column":32}},"type":"binary-expr","locations":[{"start":{"line":30,"column":6},"end":{"line":30,"column":9}},{"start":{"line":30,"column":13},"end":{"line":30,"column":32}}]},"6":{"loc":{"start":{"line":38,"column":4},"end":{"line":40,"column":5}},"type":"if","locations":[{"start":{"line":38,"column":4},"end":{"line":40,"column":5}}]}},"s":{"0":0,"1":0,"2":2,"3":0,"4":0,"5":0,"6":0,"7":0,"8":0,"9":0,"10":0,"11":0,"12":0,"13":0,"14":0,"15":0,"16":0,"17":0,"18":0,"19":0,"20":2,"21":0,"22":2},"f":{"0":0,"1":0,"2":0},"b":{"0":[0,0],"1":[0],"2":[0],"3":[0,0],"4":[0],"5":[0,0],"6":[0]}}
,"F:\\Work\\yap__pr__2\\stellar-burgers\\src\\utils\\mock-api\\index.ts": {"path":"F:\\Work\\yap__pr__2\\stellar-burgers\\src\\utils\\mock-api\\index.ts","statementMap":{"0":{"start":{"line":2,"column":13},"end":{"line":2,"column":43}},"1":{"start":{"line":3,"column":13},"end":{"line":3,"column":40}},"2":{"start":{"line":4,"column":13},"end":{"line":4,"column":36}},"3":{"start":{"line":5,"column":13},"end":{"line":5,"column":39}},"4":{"start":{"line":6,"column":13},"end":{"line":6,"column":41}},"5":{"start":{"line":7,"column":13},"end":{"line":7,"column":38}},"6":{"start":{"line":8,"column":13},"end":{"line":8,"column":38}},"7":{"start":{"line":9,"column":13},"end":{"line":9,"column":45}},"8":{"start":{"line":10,"column":13},"end":{"line":10,"column":35}}},"fnMap":{},"branchMap":{},"s":{"0":5,"1":5,"2":5,"3":5,"4":5,"5":5,"6":5,"7":5,"8":5},"f":{},"b":{}}
}
