TN:
SF:src\services\store.ts
FN:41,(anonymous_1)
FNF:1
FNH:0
FNDA:0,(anonymous_1)
DA:3,1
DA:10,1
DA:13,1
DA:14,1
DA:15,1
DA:16,1
DA:17,1
DA:20,1
DA:29,1
DA:41,1
DA:42,1
DA:45,1
LF:12
LH:12
BRF:0
BRH:0
end_of_record
TN:
SF:src\services\slices\constructorSlice.ts
FN:48,(anonymous_2)
FN:64,(anonymous_3)
FN:68,(anonymous_4)
FN:78,(anonymous_5)
FN:81,(anonymous_6)
FN:86,(anonymous_7)
FN:88,(anonymous_8)
FN:96,(anonymous_9)
FN:98,(anonymous_10)
FN:106,(anonymous_11)
FN:112,(anonymous_12)
FN:117,(anonymous_13)
FN:122,(anonymous_14)
FN:123,(anonymous_15)
FN:128,(anonymous_16)
FN:133,(anonymous_17)
FN:149,(anonymous_18)
FN:155,(anonymous_19)
FN:162,(anonymous_20)
FN:166,(anonymous_21)
FNF:20
FNH:11
FNDA:2,(anonymous_2)
FNDA:2,(anonymous_3)
FNDA:2,(anonymous_4)
FNDA:1,(anonymous_5)
FNDA:2,(anonymous_6)
FNDA:1,(anonymous_7)
FNDA:2,(anonymous_8)
FNDA:1,(anonymous_9)
FNDA:1,(anonymous_10)
FNDA:1,(anonymous_11)
FNDA:0,(anonymous_12)
FNDA:0,(anonymous_13)
FNDA:2,(anonymous_14)
FNDA:0,(anonymous_15)
FNDA:0,(anonymous_16)
FNDA:0,(anonymous_17)
FNDA:0,(anonymous_18)
FNDA:0,(anonymous_19)
FNDA:0,(anonymous_20)
FNDA:0,(anonymous_21)
DA:3,2
DA:15,2
DA:30,2
DA:42,2
DA:48,2
DA:53,2
DA:54,2
DA:58,2
DA:65,2
DA:66,2
DA:69,2
DA:70,1
DA:72,1
DA:79,1
DA:81,2
DA:87,1
DA:88,2
DA:90,1
DA:91,1
DA:97,1
DA:98,1
DA:100,1
DA:101,1
DA:107,1
DA:108,1
DA:113,0
DA:118,0
DA:123,2
DA:124,0
DA:125,0
DA:126,0
DA:128,2
DA:129,0
DA:130,0
DA:131,0
DA:133,2
DA:134,0
DA:135,0
DA:136,0
DA:137,0
DA:139,0
DA:143,0
DA:149,2
DA:150,0
DA:153,2
DA:155,0
DA:162,2
DA:163,0
DA:166,2
DA:167,0
DA:171,2
DA:181,2
LF:52
LH:34
BRDA:69,0,0,1
BRDA:69,0,1,1
BRDA:90,1,0,1
BRDA:100,2,0,1
BRF:4
BRH:4
end_of_record
TN:
SF:src\services\slices\feedSlice.ts
FN:37,(anonymous_0)
FN:40,(anonymous_1)
FN:45,(anonymous_2)
FN:50,(anonymous_3)
FN:61,(anonymous_4)
FNF:5
FNH:4
FNDA:2,(anonymous_0)
FNDA:1,(anonymous_1)
FNDA:1,(anonymous_2)
FNDA:1,(anonymous_3)
FNDA:0,(anonymous_4)
DA:3,2
DA:5,2
DA:21,2
DA:30,2
DA:33,2
DA:38,2
DA:41,1
DA:42,1
DA:46,1
DA:47,1
DA:51,1
DA:52,1
DA:53,1
DA:54,1
DA:55,1
DA:61,2
DA:64,2
LF:17
LH:17
BRF:0
BRH:0
end_of_record
TN:
SF:src\services\slices\ingredientSlice.ts
FN:36,(anonymous_0)
FN:38,(anonymous_1)
FN:43,(anonymous_2)
FN:48,(anonymous_3)
FN:56,(anonymous_4)
FNF:5
FNH:4
FNDA:2,(anonymous_0)
FNDA:1,(anonymous_1)
FNDA:1,(anonymous_2)
FNDA:1,(anonymous_3)
FNDA:0,(anonymous_4)
DA:5,2
DA:7,2
DA:19,2
DA:26,2
DA:32,2
DA:38,2
DA:39,1
DA:40,1
DA:43,2
DA:44,1
DA:45,1
DA:48,2
DA:49,1
DA:50,1
DA:56,2
DA:57,0
DA:60,2
LF:17
LH:16
BRF:0
BRH:0
end_of_record
TN:
SF:src\services\slices\orderSlice.ts
FN:35,(anonymous_13)
FN:35,(anonymous_14)
FN:43,(anonymous_16)
FN:45,(anonymous_17)
FN:50,(anonymous_18)
FN:55,(anonymous_19)
FN:64,(anonymous_20)
FNF:7
FNH:1
FNDA:0,(anonymous_13)
FNDA:0,(anonymous_14)
FNDA:1,(anonymous_16)
FNDA:0,(anonymous_17)
FNDA:0,(anonymous_18)
FNDA:0,(anonymous_19)
FNDA:0,(anonymous_20)
DA:3,1
DA:6,1
DA:24,1
DA:33,1
DA:35,0
DA:39,1
DA:45,1
DA:46,0
DA:47,0
DA:50,1
DA:51,0
DA:52,0
DA:55,1
DA:56,0
DA:57,0
DA:58,0
DA:64,1
DA:67,1
LF:18
LH:10
BRF:0
BRH:0
end_of_record
TN:
SF:src\services\slices\userSlice.ts
FN:55,(anonymous_13)
FN:55,(anonymous_14)
FN:69,(anonymous_16)
FN:84,(anonymous_19)
FN:96,(anonymous_22)
FN:100,(anonymous_23)
FN:104,(anonymous_24)
FN:108,(anonymous_25)
FN:110,(anonymous_26)
FN:115,(anonymous_27)
FN:119,(anonymous_28)
FN:128,(anonymous_29)
FN:133,(anonymous_30)
FN:137,(anonymous_31)
FN:146,(anonymous_32)
FN:150,(anonymous_33)
FN:156,(anonymous_34)
FN:160,(anonymous_35)
FN:164,(anonymous_36)
FN:171,(anonymous_37)
FN:176,(anonymous_38)
FN:182,(anonymous_39)
FN:190,(anonymous_40)
FN:194,(anonymous_41)
FN:198,(anonymous_42)
FN:208,(anonymous_43)
FNF:26
FNH:17
FNDA:0,(anonymous_13)
FNDA:0,(anonymous_14)
FNDA:0,(anonymous_16)
FNDA:0,(anonymous_19)
FNDA:0,(anonymous_22)
FNDA:0,(anonymous_23)
FNDA:0,(anonymous_24)
FNDA:2,(anonymous_25)
FNDA:1,(anonymous_26)
FNDA:1,(anonymous_27)
FNDA:1,(anonymous_28)
FNDA:1,(anonymous_29)
FNDA:1,(anonymous_30)
FNDA:1,(anonymous_31)
FNDA:1,(anonymous_32)
FNDA:1,(anonymous_33)
FNDA:1,(anonymous_34)
FNDA:1,(anonymous_35)
FNDA:1,(anonymous_36)
FNDA:0,(anonymous_37)
FNDA:1,(anonymous_38)
FNDA:1,(anonymous_39)
FNDA:1,(anonymous_40)
FNDA:1,(anonymous_41)
FNDA:1,(anonymous_42)
FNDA:0,(anonymous_43)
DA:3,2
DA:6,2
DA:21,2
DA:40,2
DA:53,2
DA:55,0
DA:56,0
DA:57,0
DA:58,0
DA:60,0
DA:61,0
DA:62,0
DA:67,2
DA:69,0
DA:70,0
DA:71,0
DA:72,0
DA:74,0
DA:75,0
DA:76,0
DA:81,2
DA:82,2
DA:83,2
DA:84,2
DA:85,0
DA:86,0
DA:87,0
DA:91,2
DA:97,0
DA:101,0
DA:105,0
DA:110,2
DA:111,1
DA:112,1
DA:113,1
DA:115,2
DA:116,1
DA:117,1
DA:119,2
DA:120,1
DA:121,1
DA:122,1
DA:123,1
DA:124,1
DA:128,2
DA:129,1
DA:130,1
DA:131,1
DA:133,2
DA:134,1
DA:135,1
DA:137,2
DA:138,1
DA:139,1
DA:140,1
DA:141,1
DA:146,2
DA:147,1
DA:148,1
DA:150,2
DA:151,1
DA:152,1
DA:156,2
DA:157,1
DA:158,1
DA:160,2
DA:161,1
DA:162,1
DA:164,2
DA:165,1
DA:166,1
DA:167,1
DA:171,2
DA:172,0
DA:173,0
DA:174,0
DA:176,2
DA:177,1
DA:178,1
DA:180,1
DA:182,2
DA:183,1
DA:184,1
DA:185,1
DA:186,1
DA:190,2
DA:191,1
DA:192,1
DA:194,2
DA:195,1
DA:196,1
DA:198,2
DA:199,1
DA:200,1
DA:201,1
DA:207,2
DA:208,2
DA:209,2
LF:98
LH:75
BRDA:56,0,0,0
BRDA:57,1,0,0
BRDA:70,2,0,0
BRDA:71,3,0,0
BRDA:85,4,0,0
BRF:5
BRH:0
end_of_record
TN:
SF:src\utils\cookie.ts
FN:1,getCookie
FN:13,setCookie
FN:45,deleteCookie
FNF:3
FNH:0
FNDA:0,getCookie
FNDA:0,setCookie
FNDA:0,deleteCookie
DA:1,2
DA:2,0
DA:10,0
DA:13,2
DA:16,0
DA:18,0
DA:23,0
DA:24,0
DA:25,0
DA:26,0
DA:27,0
DA:30,0
DA:31,0
DA:33,0
DA:34,0
DA:35,0
DA:36,0
DA:37,0
DA:38,0
DA:39,0
DA:42,0
DA:45,2
DA:46,0
LF:23
LH:3
BRDA:10,0,0,0
BRDA:10,0,1,0
BRDA:16,1,0,0
BRDA:24,2,0,0
BRDA:24,3,0,0
BRDA:24,3,1,0
BRDA:30,4,0,0
BRDA:30,5,0,0
BRDA:30,5,1,0
BRDA:38,6,0,0
BRF:10
BRH:0
end_of_record
TN:
SF:src\utils\mock-api\index.ts
FNF:0
FNH:0
DA:2,5
DA:3,5
DA:4,5
DA:5,5
DA:6,5
DA:7,5
DA:8,5
DA:9,5
DA:10,5
LF:9
LH:9
BRF:0
BRH:0
end_of_record
